<?xml version="1.0" encoding="UTF-8"?>
<!-- Generated by org.testng.reporters.JUnitXMLReporter -->
<testsuite ignored="2" hostname="DESKTOP-3HEU5F7" failures="0" tests="3" name="Default test" time="16.235" errors="0" timestamp="2024-05-28T20:09:08 IST">
  <testcase classname="test.LoginPageTest" name="verifyInvalidUserlogin" time="4.216"/>
  <testcase classname="test.LoginPageTest" name="verifyInvalidUserlogin" time="3.03"/>
  <testcase classname="test.LoginPageTest" name="verifyInvalidUserlogin" time="3.373"/>
  <testcase classname="test.LoginPageTest" name="verifyUserLogin" time="0.0">
    <ignored/>
  </testcase> <!-- verifyUserLogin -->
  <testcase classname="test.LoginPageTest" name="verifyLoginPageTitle" time="0.0">
    <ignored/>
  </testcase> <!-- verifyLoginPageTitle -->
</testsuite> <!-- Default test -->
