<?xml version="1.0" encoding="UTF-8"?>
<!-- Generated by org.testng.reporters.JUnitXMLReporter -->
<testsuite ignored="1" hostname="DESKTOP-3HEU5F7" failures="0" tests="1" name="Default test" time="8.486" errors="0" timestamp="2024-05-29T19:38:16 IST">
  <testcase classname="test.RegistrationPageTest" name="verifyUserRegistration" time="6.393"/>
  <testcase classname="test.RegistrationPageTest" name="verifyRegistrationPageTitle" time="0.0">
    <ignored/>
  </testcase> <!-- verifyRegistrationPageTitle -->
</testsuite> <!-- Default test -->
