<?xml version="1.0" encoding="UTF-8"?>
<testng-results ignored="0" total="3" passed="3" failed="0" skipped="0">
  <reporter-output>
  </reporter-output>
  <suite started-at="2024-05-28T20:08:51 IST" name="Default suite" finished-at="2024-05-28T20:09:08 IST" duration-ms="16235">
    <groups>
    </groups>
    <test started-at="2024-05-28T20:08:51 IST" name="Default test" finished-at="2024-05-28T20:09:08 IST" duration-ms="16235">
      <class name="test.LoginPageTest">
        <test-method is-config="true" signature="setup()[pri:0, instance:test.LoginPageTest@60bd273d]" started-at="2024-05-28T20:08:51 IST" name="setup" finished-at="2024-05-28T20:08:53 IST" duration-ms="1954" status="PASS">
          <reporter-output>
          </reporter-output>
        </test-method> <!-- setup -->
        <test-method signature="verifyInvalidUserlogin(java.lang.String,java.lang.String)[pri:0, instance:test.LoginPageTest@60bd273d]" started-at="2024-05-28T20:08:53 IST" name="verifyInvalidUserlogin" data-provider="invaliduserCredentials" finished-at="2024-05-28T20:08:58 IST" duration-ms="4216" status="PASS">
          <params>
            <param index="0">
              <value>
                <![CDATA[abctest4391@gmail.com]]>
              </value>
            </param>
            <param index="1">
              <value>
                <![CDATA[Test123]]>
              </value>
            </param>
          </params>
          <reporter-output>
          </reporter-output>
        </test-method> <!-- verifyInvalidUserlogin -->
        <test-method is-config="true" signature="closeBrowser(org.testng.ITestResult)[pri:0, instance:test.LoginPageTest@60bd273d]" started-at="2024-05-28T20:08:58 IST" name="closeBrowser" finished-at="2024-05-28T20:08:58 IST" duration-ms="251" status="PASS">
          <params>
            <param index="0">
              <value>
                <![CDATA[[TestResult name=verifyInvalidUserlogin status=SUCCESS method=LoginPageTest.verifyInvalidUserlogin(java.lang.String,java.lang.String)[pri:0, instance:test.LoginPageTest@60bd273d] output={null}]]]>
              </value>
            </param>
          </params>
          <reporter-output>
          </reporter-output>
        </test-method> <!-- closeBrowser -->
        <test-method is-config="true" signature="setup()[pri:0, instance:test.LoginPageTest@60bd273d]" started-at="2024-05-28T20:08:58 IST" name="setup" finished-at="2024-05-28T20:09:00 IST" duration-ms="1747" status="PASS">
          <reporter-output>
          </reporter-output>
        </test-method> <!-- setup -->
        <test-method signature="verifyInvalidUserlogin(java.lang.String,java.lang.String)[pri:0, instance:test.LoginPageTest@60bd273d]" started-at="2024-05-28T20:09:00 IST" name="verifyInvalidUserlogin" data-provider="invaliduserCredentials" finished-at="2024-05-28T20:09:03 IST" duration-ms="3030" status="PASS">
          <params>
            <param index="0">
              <value>
                <![CDATA[abctest439@gmail.com]]>
              </value>
            </param>
            <param index="1">
              <value>
                <![CDATA[Test1234]]>
              </value>
            </param>
          </params>
          <reporter-output>
          </reporter-output>
        </test-method> <!-- verifyInvalidUserlogin -->
        <test-method is-config="true" signature="closeBrowser(org.testng.ITestResult)[pri:0, instance:test.LoginPageTest@60bd273d]" started-at="2024-05-28T20:09:03 IST" name="closeBrowser" finished-at="2024-05-28T20:09:03 IST" duration-ms="133" status="PASS">
          <params>
            <param index="0">
              <value>
                <![CDATA[[TestResult name=verifyInvalidUserlogin status=SUCCESS method=LoginPageTest.verifyInvalidUserlogin(java.lang.String,java.lang.String)[pri:0, instance:test.LoginPageTest@60bd273d] output={null}]]]>
              </value>
            </param>
          </params>
          <reporter-output>
          </reporter-output>
        </test-method> <!-- closeBrowser -->
        <test-method is-config="true" signature="setup()[pri:0, instance:test.LoginPageTest@60bd273d]" started-at="2024-05-28T20:09:03 IST" name="setup" finished-at="2024-05-28T20:09:04 IST" duration-ms="1323" status="PASS">
          <reporter-output>
          </reporter-output>
        </test-method> <!-- setup -->
        <test-method signature="verifyInvalidUserlogin(java.lang.String,java.lang.String)[pri:0, instance:test.LoginPageTest@60bd273d]" started-at="2024-05-28T20:09:04 IST" name="verifyInvalidUserlogin" data-provider="invaliduserCredentials" finished-at="2024-05-28T20:09:07 IST" duration-ms="3373" status="PASS">
          <params>
            <param index="0">
              <value>
                <![CDATA[abctest41391@gmail.com]]>
              </value>
            </param>
            <param index="1">
              <value>
                <![CDATA[ test123]]>
              </value>
            </param>
          </params>
          <reporter-output>
          </reporter-output>
        </test-method> <!-- verifyInvalidUserlogin -->
        <test-method is-config="true" signature="closeBrowser(org.testng.ITestResult)[pri:0, instance:test.LoginPageTest@60bd273d]" started-at="2024-05-28T20:09:07 IST" name="closeBrowser" finished-at="2024-05-28T20:09:08 IST" duration-ms="133" status="PASS">
          <params>
            <param index="0">
              <value>
                <![CDATA[[TestResult name=verifyInvalidUserlogin status=SUCCESS method=LoginPageTest.verifyInvalidUserlogin(java.lang.String,java.lang.String)[pri:0, instance:test.LoginPageTest@60bd273d] output={null}]]]>
              </value>
            </param>
          </params>
          <reporter-output>
          </reporter-output>
        </test-method> <!-- closeBrowser -->
      </class> <!-- test.LoginPageTest -->
    </test> <!-- Default test -->
  </suite> <!-- Default suite -->
</testng-results>
