<?xml version="1.0" encoding="UTF-8"?>
<!-- Generated by org.testng.reporters.JUnitXMLReporter -->
<testsuite ignored="0" hostname="DESKTOP-3HEU5F7" failures="0" tests="7" name="Chrome Test" time="43.065" errors="0" timestamp="2024-06-03T19:23:55 IST">
  <testcase classname="test.HomePageTest" name="verifyHomePageTitle" time="4.15"/>
  <testcase classname="test.HomePageTest" name="verifyCoomunityPoolSelection" time="3.101"/>
  <testcase classname="test.LoginPageTest" name="verifyLoginPageTitle" time="2.366"/>
  <testcase classname="test.LoginPageTest" name="verifyUserLogin" time="5.094"/>
  <testcase classname="test.LoginPageTest" name="verifyInvalidUserlogin" time="3.053"/>
  <testcase classname="test.LoginPageTest" name="verifyInvalidUserlogin" time="3.133"/>
  <testcase classname="test.LoginPageTest" name="verifyInvalidUserlogin" time="3.641"/>
</testsuite> <!-- Chrome Test -->
