<?xml version="1.0" encoding="UTF-8"?>
<!-- Generated by org.testng.reporters.JUnitXMLReporter -->
<testsuite ignored="0" hostname="DESKTOP-3HEU5F7" failures="0" tests="7" name="Edge Test" time="56.41" errors="0" timestamp="2024-06-03T19:24:51 IST">
  <testcase classname="test.HomePageTest" name="verifyHomePageTitle" time="3.337"/>
  <testcase classname="test.HomePageTest" name="verifyCoomunityPoolSelection" time="3.354"/>
  <testcase classname="test.LoginPageTest" name="verifyLoginPageTitle" time="2.57"/>
  <testcase classname="test.LoginPageTest" name="verifyUserLogin" time="5.273"/>
  <testcase classname="test.LoginPageTest" name="verifyInvalidUserlogin" time="3.788"/>
  <testcase classname="test.LoginPageTest" name="verifyInvalidUserlogin" time="3.686"/>
  <testcase classname="test.LoginPageTest" name="verifyInvalidUserlogin" time="3.611"/>
</testsuite> <!-- Edge Test -->
