<?xml version="1.0" encoding="UTF-8"?>
<!-- Generated by org.testng.reporters.JUnitXMLReporter -->
<testsuite ignored="0" hostname="DESKTOP-3HEU5F7" failures="0" tests="7" name="Firefox Test" time="78.926" errors="0" timestamp="2024-06-03T19:26:10 IST">
  <testcase classname="test.HomePageTest" name="verifyHomePageTitle" time="2.626"/>
  <testcase classname="test.HomePageTest" name="verifyCoomunityPoolSelection" time="3.437"/>
  <testcase classname="test.LoginPageTest" name="verifyLoginPageTitle" time="2.872"/>
  <testcase classname="test.LoginPageTest" name="verifyUserLogin" time="4.745"/>
  <testcase classname="test.LoginPageTest" name="verifyInvalidUserlogin" time="3.408"/>
  <testcase classname="test.LoginPageTest" name="verifyInvalidUserlogin" time="3.141"/>
  <testcase classname="test.LoginPageTest" name="verifyInvalidUserlogin" time="3.101"/>
</testsuite> <!-- Firefox Test -->
