<?xml version="1.0" encoding="UTF-8"?>
<!-- Generated by org.testng.reporters.JUnitXMLReporter -->
<testsuite ignored="0" hostname="DESKTOP-3HEU5F7" failures="0" tests="5" name="LoginPage Test" time="36.713" errors="0" timestamp="2024-06-06T06:40:41 IST">
  <testcase classname="test.LoginPageTest" name="verifyInvalidUserlogin" time="3.365"/>
  <testcase classname="test.LoginPageTest" name="verifyInvalidUserlogin" time="3.482"/>
  <testcase classname="test.LoginPageTest" name="verifyInvalidUserlogin" time="3.422"/>
  <testcase classname="test.LoginPageTest" name="verifyLoginPageTitle" time="2.528"/>
  <testcase classname="test.LoginPageTest" name="verifyUserLogin" time="5.293"/>
</testsuite> <!-- LoginPage Test -->
